<?xml version="1.0" encoding="UTF-8"?>
<!-- Generated by org.testng.reporters.JUnitReportReporter -->
<testsuite hostname="LAPTOP-HRHRPB70" failures="0" tests="3" name="testClasses.HomePageTestClass" time="71.289" errors="0" timestamp="2024-12-26T19:42:10 IST" skipped="0">
  <testcase classname="testClasses.HomePageTestClass" name="verifySuccessfullSignOut" time="28.871"/>
  <testcase classname="testClasses.HomePageTestClass" name="verifyTheCountOfTilesDisplayedOnHomePage" time="21.028"/>
  <testcase classname="testClasses.HomePageTestClass" name="verifyTheTooltip_Calculator_isShowingWhileHoveringTheMouseOnCalculator" time="21.390"/>
</testsuite> <!-- testClasses.HomePageTestClass -->
