<?xml version="1.0" encoding="UTF-8"?>
<!-- Generated by org.testng.reporters.JUnitReportReporter -->
<testsuite hostname="LAPTOP-HRHRPB70" failures="0" tests="1" name="testClasses.ProductPageTestClass" time="35.944" errors="0" timestamp="2024-12-27T15:22:59 IST" skipped="0">
  <testcase classname="testClasses.ProductPageTestClass" name="verifyToCreateAndDeleteA_NewProductUsingRandomDataUtility" time="35.944"/>
</testsuite> <!-- testClasses.ProductPageTestClass -->
