<?xml version="1.0" encoding="UTF-8"?>
<!-- Generated by org.testng.reporters.JUnitReportReporter -->
<testsuite hostname="LAPTOP-HRHRPB70" failures="0" tests="1" name="testClasses.HomePageTestClass" time="41.964" errors="0" timestamp="2024-12-26T19:21:55 IST" skipped="0">
  <testcase classname="testClasses.HomePageTestClass" name="verifySuccessfullSignOut" time="41.964"/>
</testsuite> <!-- testClasses.HomePageTestClass -->
