<?xml version="1.0" encoding="UTF-8"?>
<!-- Generated by org.testng.reporters.JUnitReportReporter -->
<testsuite hostname="LAPTOP-HRHRPB70" failures="0" tests="4" name="testClasses.LoginPageTestClass" time="139.027" errors="0" timestamp="2024-12-26T19:21:55 IST" skipped="0">
  <testcase classname="testClasses.LoginPageTestClass" name="verifyUnsuccessfulLogin" time="24.326"/>
  <testcase classname="testClasses.LoginPageTestClass" name="verifyUnsuccessfulLogin" time="33.079"/>
  <testcase classname="testClasses.LoginPageTestClass" name="verifyUnsuccessfulLogin" time="37.033"/>
  <testcase classname="testClasses.LoginPageTestClass" name="verifySuccessfulLogin" time="44.589"/>
</testsuite> <!-- testClasses.LoginPageTestClass -->
