<?xml version="1.0" encoding="UTF-8"?>
<!-- Generated by org.testng.reporters.JUnitReportReporter -->
<testsuite hostname="LAPTOP-HRHRPB70" failures="0" tests="1" name="testClasses.ManageUsersTestClass" time="53.228" errors="0" timestamp="2024-12-27T15:21:30 IST" skipped="0">
  <testcase classname="testClasses.ManageUsersTestClass" name="verifyToAddNewUser" time="53.228"/>
</testsuite> <!-- testClasses.ManageUsersTestClass -->
